<?xml version="1.0" encoding="UTF-8"?>
<!-- Generated by org.testng.reporters.JUnitReportReporter -->
<testsuite skipped="0" hostname="BOOK-5LTEAR89P6" name="pageTest.RegisterPageTest" tests="2" failures="0" timestamp="2023-01-08T21:06:01 EST" time="3.496" errors="0">
  <testcase name="verifyRegisterTab" time="2.579" classname="pageTest.RegisterPageTest"/>
  <system-out/>
  <testcase name="submitRegistrationForm" time="0.917" classname="pageTest.RegisterPageTest"/>
  <system-out/>
</testsuite> <!-- pageTest.RegisterPageTest -->
